<?xml version="1.0" encoding="UTF-8"?>
<!-- Generated by org.testng.reporters.JUnitReportReporter -->
<testsuite hostname="Santoshi" failures="0" tests="1" name="com.inetBanking.testCases.Tc1_loginpagetest" time="3.395" errors="0" timestamp="2022-05-07T14:41:33 IST" skipped="0">
  <testcase classname="com.inetBanking.testCases.Tc1_loginpagetest" name="tc1_loginTest" time="3.395"/>
  <system-out/>
</testsuite> <!-- com.inetBanking.testCases.Tc1_loginpagetest -->
