<?xml version="1.0" encoding="UTF-8"?>
<!-- Generated by org.testng.reporters.JUnitReportReporter -->
<testsuite hostname="Santoshi" failures="0" tests="1" name="com.inetBanking.testCases.LoginPageTest" time="2.226" errors="0" timestamp="2022-05-21T13:33:04 IST" skipped="0">
  <testcase classname="com.inetBanking.testCases.LoginPageTest" name="tc1_loginTest" time="2.226"/>
  <system-out/>
</testsuite> <!-- com.inetBanking.testCases.LoginPageTest -->
